


ARM Macro Assembler    Page 1 


    1 00000000                 AREA             RESET,DATA,READONLY
    2 00000000                 EXPORT           __Vectors
    3 00000000         __Vectors
    4 00000000 10001000        DCD              0X10001000
    5 00000004 00000000        DCD              Reset_Handler
    6 00000008                 ALIGN
    7 00000008                 AREA             sub232,CODE,READONLY
    8 00000000                 ENTRY
    9 00000000                 EXPORT           Reset_Handler
   10 00000000         Reset_Handler
   11 00000000 4805            ldr              r0,=n1
   12 00000002 6801            ldr              r1,[r0]
   13 00000004 4805            ldr              r0,=n2
   14 00000006 6803            ldr              r3,[r0]
   15 00000008 1ACE            subs             r6,r1,r3
   16 0000000A 4A05            ldr              r2,=result
   17 0000000C 6016            str              r6,[r2]
   18 0000000E         STOP
   19 0000000E E7FE            B                STOP
   20 00000010 00000003 
                       n1      dcd              3
   21 00000014 00000002 
                       n2      dcd              2
   22 00000018 00000000 
              00000000 
              00000000         AREA             mydata,DATA,READWRITE
   23 00000000 00000000 
                       result  dcd              0
   24 00000004                 END
Command Line: --debug --xref --cpu=Cortex-M3 --apcs=interwork --depend=.\lab23.
d -o.\lab23.o -IC:\Keil\ARM\RV31\INC -IC:\Keil\ARM\CMSIS\Include -IC:\Keil\ARM\
Inc\NXP\LPC17xx --predefine="__EVAL SETA 1" --list=.\lab23.lst lab23.s



ARM Macro Assembler    Page 1 Alphabetic symbol ordering
Relocatable symbols

RESET 00000000

Symbol: RESET
   Definitions
      At line 1 in file lab23.s
   Uses
      None
Comment: RESET unused
__Vectors 00000000

Symbol: __Vectors
   Definitions
      At line 3 in file lab23.s
   Uses
      At line 2 in file lab23.s
Comment: __Vectors used once
2 symbols



ARM Macro Assembler    Page 1 Alphabetic symbol ordering
Relocatable symbols

Reset_Handler 00000000

Symbol: Reset_Handler
   Definitions
      At line 10 in file lab23.s
   Uses
      At line 5 in file lab23.s
      At line 9 in file lab23.s

STOP 0000000E

Symbol: STOP
   Definitions
      At line 18 in file lab23.s
   Uses
      At line 19 in file lab23.s
Comment: STOP used once
n1 00000010

Symbol: n1
   Definitions
      At line 20 in file lab23.s
   Uses
      At line 11 in file lab23.s
Comment: n1 used once
n2 00000014

Symbol: n2
   Definitions
      At line 21 in file lab23.s
   Uses
      At line 13 in file lab23.s
Comment: n2 used once
sub232 00000000

Symbol: sub232
   Definitions
      At line 7 in file lab23.s
   Uses
      None
Comment: sub232 unused
5 symbols



ARM Macro Assembler    Page 1 Alphabetic symbol ordering
Relocatable symbols

mydata 00000000

Symbol: mydata
   Definitions
      At line 22 in file lab23.s
   Uses
      None
Comment: mydata unused
result 00000000

Symbol: result
   Definitions
      At line 23 in file lab23.s
   Uses
      At line 16 in file lab23.s
Comment: result used once
2 symbols
342 symbols in table
